# JRE version: Java(TM) SE Runtime Environment (8.0_291-b10) (build 1.8.0_291-b10)
# Java VM: Java HotSpot(TM) 64-Bit Server VM (25.291-b10 mixed mode windows-amd64 compressed oops)
Heap:
 PSYoungGen      total 75264K, used 44305K [0x000000076c200000, 0x0000000773200000, 0x00000007c0000000)
  eden space 64512K, 55% used [0x000000076c200000,0x000000076e4e23f8,0x0000000770100000)
  from space 10752K, 79% used [0x0000000770100000,0x00000007709622b0,0x0000000770b80000)
  to   space 10752K, 0% used [0x0000000772780000,0x0000000772780000,0x0000000773200000)
 ParOldGen       total 110080K, used 10322K [0x00000006c4600000, 0x00000006cb180000, 0x000000076c200000)
  object space 110080K, 9% used [0x00000006c4600000,0x00000006c5014b38,0x00000006cb180000)
 Metaspace       used 31017K, capacity 31900K, committed 32000K, reserved 1077248K
  class space    used 3607K, capacity 3836K, committed 3840K, reserved 1048576K
GC Heap History (8 events):
Event: 0.960 GC heap before
{Heap before GC invocations=1 (full 0):
 PSYoungGen      total 75264K, used 64512K [0x000000076c200000, 0x0000000771600000, 0x00000007c0000000)
  eden space 64512K, 100% used [0x000000076c200000,0x0000000770100000,0x0000000770100000)
  from space 10752K, 0% used [0x0000000770b80000,0x0000000770b80000,0x0000000771600000)
  to   space 10752K, 0% used [0x0000000770100000,0x0000000770100000,0x0000000770b80000)
 ParOldGen       total 172032K, used 0K [0x00000006c4600000, 0x00000006cee00000, 0x000000076c200000)
  object space 172032K, 0% used [0x00000006c4600000,0x00000006c4600000,0x00000006cee00000)
 Metaspace       used 11974K, capacity 12480K, committed 12672K, reserved 1060864K
  class space    used 1277K, capacity 1403K, committed 1408K, reserved 1048576K
Event: 0.966 GC heap after
Heap after GC invocations=1 (full 0):
 PSYoungGen      total 75264K, used 9400K [0x000000076c200000, 0x0000000771600000, 0x00000007c0000000)
  eden space 64512K, 0% used [0x000000076c200000,0x000000076c200000,0x0000000770100000)
  from space 10752K, 87% used [0x0000000770100000,0x0000000770a2e1e0,0x0000000770b80000)
  to   space 10752K, 0% used [0x0000000770b80000,0x0000000770b80000,0x0000000771600000)
 ParOldGen       total 172032K, used 16K [0x00000006c4600000, 0x00000006cee00000, 0x000000076c200000)
  object space 172032K, 0% used [0x00000006c4600000,0x00000006c4604000,0x00000006cee00000)
 Metaspace       used 11974K, capacity 12480K, committed 12672K, reserved 1060864K
  class space    used 1277K, capacity 1403K, committed 1408K, reserved 1048576K
}
Event: 1.446 GC heap before
{Heap before GC invocations=2 (full 0):
 PSYoungGen      total 75264K, used 73912K [0x000000076c200000, 0x0000000771600000, 0x00000007c0000000)
  eden space 64512K, 100% used [0x000000076c200000,0x0000000770100000,0x0000000770100000)
  from space 10752K, 87% used [0x0000000770100000,0x0000000770a2e1e0,0x0000000770b80000)
  to   space 10752K, 0% used [0x0000000770b80000,0x0000000770b80000,0x0000000771600000)
 ParOldGen       total 172032K, used 16K [0x00000006c4600000, 0x00000006cee00000, 0x000000076c200000)
  object space 172032K, 0% used [0x00000006c4600000,0x00000006c4604000,0x00000006cee00000)
 Metaspace       used 20478K, capacity 21176K, committed 21296K, reserved 1069056K
  class space    used 2482K, capacity 2641K, committed 2688K, reserved 1048576K
Event: 1.452 GC heap after
Heap after GC invocations=2 (full 0):
 PSYoungGen      total 75264K, used 10720K [0x000000076c200000, 0x0000000771600000, 0x00000007c0000000)
  eden space 64512K, 0% used [0x000000076c200000,0x000000076c200000,0x0000000770100000)
  from space 10752K, 99% used [0x0000000770b80000,0x00000007715f83e8,0x0000000771600000)
  to   space 10752K, 0% used [0x0000000770100000,0x0000000770100000,0x0000000770b80000)
 ParOldGen       total 172032K, used 115K [0x00000006c4600000, 0x00000006cee00000, 0x000000076c200000)
  object space 172032K, 0% used [0x00000006c4600000,0x00000006c461cfc8,0x00000006cee00000)
 Metaspace       used 20478K, capacity 21176K, committed 21296K, reserved 1069056K
  class space    used 2482K, capacity 2641K, committed 2688K, reserved 1048576K
}
Event: 1.452 GC heap before
{Heap before GC invocations=3 (full 1):
 PSYoungGen      total 75264K, used 10720K [0x000000076c200000, 0x0000000771600000, 0x00000007c0000000)
  eden space 64512K, 0% used [0x000000076c200000,0x000000076c200000,0x0000000770100000)
  from space 10752K, 99% used [0x0000000770b80000,0x00000007715f83e8,0x0000000771600000)
  to   space 10752K, 0% used [0x0000000770100000,0x0000000770100000,0x0000000770b80000)
 ParOldGen       total 172032K, used 115K [0x00000006c4600000, 0x00000006cee00000, 0x000000076c200000)
  object space 172032K, 0% used [0x00000006c4600000,0x00000006c461cfc8,0x00000006cee00000)
 Metaspace       used 20478K, capacity 21176K, committed 21296K, reserved 1069056K
  class space    used 2482K, capacity 2641K, committed 2688K, reserved 1048576K
Event: 1.466 GC heap after
Heap after GC invocations=3 (full 1):
 PSYoungGen      total 75264K, used 0K [0x000000076c200000, 0x0000000771600000, 0x00000007c0000000)
  eden space 64512K, 0% used [0x000000076c200000,0x000000076c200000,0x0000000770100000)
  from space 10752K, 0% used [0x0000000770b80000,0x0000000770b80000,0x0000000771600000)
  to   space 10752K, 0% used [0x0000000770100000,0x0000000770100000,0x0000000770b80000)
 ParOldGen       total 110080K, used 10314K [0x00000006c4600000, 0x00000006cb180000, 0x000000076c200000)
  object space 110080K, 9% used [0x00000006c4600000,0x00000006c5012b38,0x00000006cb180000)
 Metaspace       used 20478K, capacity 21176K, committed 21296K, reserved 1069056K
  class space    used 2482K, capacity 2641K, committed 2688K, reserved 1048576K
}
Event: 1.872 GC heap before
{Heap before GC invocations=4 (full 1):
 PSYoungGen      total 75264K, used 64512K [0x000000076c200000, 0x0000000771600000, 0x00000007c0000000)
  eden space 64512K, 100% used [0x000000076c200000,0x0000000770100000,0x0000000770100000)
  from space 10752K, 0% used [0x0000000770b80000,0x0000000770b80000,0x0000000771600000)
  to   space 10752K, 0% used [0x0000000770100000,0x0000000770100000,0x0000000770b80000)
 ParOldGen       total 110080K, used 10314K [0x00000006c4600000, 0x00000006cb180000, 0x000000076c200000)
  object space 110080K, 9% used [0x00000006c4600000,0x00000006c5012b38,0x00000006cb180000)
 Metaspace       used 28024K, capacity 28826K, committed 29056K, reserved 1075200K
  class space    used 3270K, capacity 3451K, committed 3456K, reserved 1048576K
Event: 1.875 GC heap after
Heap after GC invocations=4 (full 1):
 PSYoungGen      total 75264K, used 8584K [0x000000076c200000, 0x0000000773200000, 0x00000007c0000000)
  eden space 64512K, 0% used [0x000000076c200000,0x000000076c200000,0x0000000770100000)
  from space 10752K, 79% used [0x0000000770100000,0x00000007709622b0,0x0000000770b80000)
  to   space 10752K, 0% used [0x0000000772780000,0x0000000772780000,0x0000000773200000)
 ParOldGen       total 110080K, used 10322K [0x00000006c4600000, 0x00000006cb180000, 0x000000076c200000)
  object space 110080K, 9% used [0x00000006c4600000,0x00000006c5014b38,0x00000006cb180000)
 Metaspace       used 28024K, capacity 28826K, committed 29056K, reserved 1075200K
  class space    used 3270K, capacity 3451K, committed 3456K, reserved 1048576K
}

