# JRE version: Java(TM) SE Runtime Environment (8.0_291-b10) (build 1.8.0_291-b10)
# Java VM: Java HotSpot(TM) 64-Bit Server VM (25.291-b10 mixed mode windows-amd64 compressed oops)
Heap:
 PSYoungGen      total 474624K, used 238780K [0x000000076c200000, 0x000000078c980000, 0x00000007c0000000)
  eden space 417280K, 57% used [0x000000076c200000,0x000000077ab2f000,0x0000000785980000)
  from space 57344K, 0% used [0x0000000785980000,0x0000000785980000,0x0000000789180000)
  to   space 45568K, 0% used [0x0000000789d00000,0x0000000789d00000,0x000000078c980000)
 ParOldGen       total 224256K, used 99606K [0x00000006c4600000, 0x00000006d2100000, 0x000000076c200000)
  object space 224256K, 44% used [0x00000006c4600000,0x00000006ca745998,0x00000006d2100000)
 Metaspace       used 107846K, capacity 114659K, committed 117208K, reserved 1150976K
  class space    used 13462K, capacity 14614K, committed 15104K, reserved 1048576K
GC Heap History (10 events):
Event: 206.013 GC heap before
{Heap before GC invocations=167 (full 92):
 PSYoungGen      total 474624K, used 57325K [0x000000076c200000, 0x000000078c980000, 0x00000007c0000000)
  eden space 417280K, 0% used [0x000000076c200000,0x000000076c200000,0x0000000785980000)
  from space 57344K, 99% used [0x0000000785980000,0x000000078917b538,0x0000000789180000)
  to   space 45568K, 0% used [0x0000000789d00000,0x0000000789d00000,0x000000078c980000)
 ParOldGen       total 224256K, used 113484K [0x00000006c4600000, 0x00000006d2100000, 0x000000076c200000)
  object space 224256K, 50% used [0x00000006c4600000,0x00000006cb4d33e0,0x00000006d2100000)
 Metaspace       used 108096K, capacity 115091K, committed 117208K, reserved 1150976K
  class space    used 13501K, capacity 14686K, committed 15104K, reserved 1048576K
Event: 206.150 GC heap after
Heap after GC invocations=167 (full 92):
 PSYoungGen      total 474624K, used 0K [0x000000076c200000, 0x000000078c980000, 0x00000007c0000000)
  eden space 417280K, 0% used [0x000000076c200000,0x000000076c200000,0x0000000785980000)
  from space 57344K, 0% used [0x0000000785980000,0x0000000785980000,0x0000000789180000)
  to   space 45568K, 0% used [0x0000000789d00000,0x0000000789d00000,0x000000078c980000)
 ParOldGen       total 224256K, used 113697K [0x00000006c4600000, 0x00000006d2100000, 0x000000076c200000)
  object space 224256K, 50% used [0x00000006c4600000,0x00000006cb508560,0x00000006d2100000)
 Metaspace       used 107276K, capacity 113795K, committed 117208K, reserved 1150976K
  class space    used 13381K, capacity 14470K, committed 15104K, reserved 1048576K
}
Event: 207.892 GC heap before
{Heap before GC invocations=168 (full 93):
 PSYoungGen      total 474624K, used 417280K [0x000000076c200000, 0x000000078c980000, 0x00000007c0000000)
  eden space 417280K, 100% used [0x000000076c200000,0x0000000785980000,0x0000000785980000)
  from space 57344K, 0% used [0x0000000785980000,0x0000000785980000,0x0000000789180000)
  to   space 45568K, 0% used [0x0000000789d00000,0x0000000789d00000,0x000000078c980000)
 ParOldGen       total 224256K, used 113697K [0x00000006c4600000, 0x00000006d2100000, 0x000000076c200000)
  object space 224256K, 50% used [0x00000006c4600000,0x00000006cb508560,0x00000006d2100000)
 Metaspace       used 107827K, capacity 114659K, committed 117208K, reserved 1150976K
  class space    used 13462K, capacity 14614K, committed 15104K, reserved 1048576K
Event: 208.090 GC heap after
Heap after GC invocations=168 (full 93):
 PSYoungGen      total 474624K, used 0K [0x000000076c200000, 0x000000078c980000, 0x00000007c0000000)
  eden space 417280K, 0% used [0x000000076c200000,0x000000076c200000,0x0000000785980000)
  from space 57344K, 0% used [0x0000000785980000,0x0000000785980000,0x0000000789180000)
  to   space 45568K, 0% used [0x0000000789d00000,0x0000000789d00000,0x000000078c980000)
 ParOldGen       total 224256K, used 153850K [0x00000006c4600000, 0x00000006d2100000, 0x000000076c200000)
  object space 224256K, 68% used [0x00000006c4600000,0x00000006cdc3e810,0x00000006d2100000)
 Metaspace       used 107827K, capacity 114659K, committed 117208K, reserved 1150976K
  class space    used 13462K, capacity 14614K, committed 15104K, reserved 1048576K
}
Event: 209.505 GC heap before
{Heap before GC invocations=169 (full 94):
 PSYoungGen      total 474624K, used 417280K [0x000000076c200000, 0x000000078c980000, 0x00000007c0000000)
  eden space 417280K, 100% used [0x000000076c200000,0x0000000785980000,0x0000000785980000)
  from space 57344K, 0% used [0x0000000785980000,0x0000000785980000,0x0000000789180000)
  to   space 45568K, 0% used [0x0000000789d00000,0x0000000789d00000,0x000000078c980000)
 ParOldGen       total 224256K, used 153850K [0x00000006c4600000, 0x00000006d2100000, 0x000000076c200000)
  object space 224256K, 68% used [0x00000006c4600000,0x00000006cdc3e920,0x00000006d2100000)
 Metaspace       used 108648K, capacity 115955K, committed 117208K, reserved 1150976K
  class space    used 13582K, capacity 14830K, committed 15104K, reserved 1048576K
Event: 209.700 GC heap after
Heap after GC invocations=169 (full 94):
 PSYoungGen      total 474624K, used 0K [0x000000076c200000, 0x000000078c980000, 0x00000007c0000000)
  eden space 417280K, 0% used [0x000000076c200000,0x000000076c200000,0x0000000785980000)
  from space 57344K, 0% used [0x0000000785980000,0x0000000785980000,0x0000000789180000)
  to   space 45568K, 0% used [0x0000000789d00000,0x0000000789d00000,0x000000078c980000)
 ParOldGen       total 224256K, used 142712K [0x00000006c4600000, 0x00000006d2100000, 0x000000076c200000)
  object space 224256K, 63% used [0x00000006c4600000,0x00000006cd15e058,0x00000006d2100000)
 Metaspace       used 107831K, capacity 114659K, committed 117208K, reserved 1150976K
  class space    used 13462K, capacity 14614K, committed 15104K, reserved 1048576K
}
Event: 211.791 GC heap before
{Heap before GC invocations=170 (full 95):
 PSYoungGen      total 474624K, used 417280K [0x000000076c200000, 0x000000078c980000, 0x00000007c0000000)
  eden space 417280K, 100% used [0x000000076c200000,0x0000000785980000,0x0000000785980000)
  from space 57344K, 0% used [0x0000000785980000,0x0000000785980000,0x0000000789180000)
  to   space 45568K, 0% used [0x0000000789d00000,0x0000000789d00000,0x000000078c980000)
 ParOldGen       total 224256K, used 142726K [0x00000006c4600000, 0x00000006d2100000, 0x000000076c200000)
  object space 224256K, 63% used [0x00000006c4600000,0x00000006cd161b60,0x00000006d2100000)
 Metaspace       used 108662K, capacity 115961K, committed 117208K, reserved 1150976K
  class space    used 13582K, capacity 14831K, committed 15104K, reserved 1048576K
Event: 211.983 GC heap after
Heap after GC invocations=170 (full 95):
 PSYoungGen      total 474624K, used 0K [0x000000076c200000, 0x000000078c980000, 0x00000007c0000000)
  eden space 417280K, 0% used [0x000000076c200000,0x000000076c200000,0x0000000785980000)
  from space 57344K, 0% used [0x0000000785980000,0x0000000785980000,0x0000000789180000)
  to   space 45568K, 0% used [0x0000000789d00000,0x0000000789d00000,0x000000078c980000)
 ParOldGen       total 224256K, used 122255K [0x00000006c4600000, 0x00000006d2100000, 0x000000076c200000)
  object space 224256K, 54% used [0x00000006c4600000,0x00000006cbd63e88,0x00000006d2100000)
 Metaspace       used 107844K, capacity 114665K, committed 117208K, reserved 1150976K
  class space    used 13462K, capacity 14615K, committed 15104K, reserved 1048576K
}
Event: 214.019 GC heap before
{Heap before GC invocations=171 (full 96):
 PSYoungGen      total 474624K, used 417280K [0x000000076c200000, 0x000000078c980000, 0x00000007c0000000)
  eden space 417280K, 100% used [0x000000076c200000,0x0000000785980000,0x0000000785980000)
  from space 57344K, 0% used [0x0000000785980000,0x0000000785980000,0x0000000789180000)
  to   space 45568K, 0% used [0x0000000789d00000,0x0000000789d00000,0x000000078c980000)
 ParOldGen       total 224256K, used 122393K [0x00000006c4600000, 0x00000006d2100000, 0x000000076c200000)
  object space 224256K, 54% used [0x00000006c4600000,0x00000006cbd86688,0x00000006d2100000)
 Metaspace       used 108668K, capacity 115961K, committed 117208K, reserved 1150976K
  class space    used 13582K, capacity 14831K, committed 15104K, reserved 1048576K
Event: 214.190 GC heap after
Heap after GC invocations=171 (full 96):
 PSYoungGen      total 474624K, used 0K [0x000000076c200000, 0x000000078c980000, 0x00000007c0000000)
  eden space 417280K, 0% used [0x000000076c200000,0x000000076c200000,0x0000000785980000)
  from space 57344K, 0% used [0x0000000785980000,0x0000000785980000,0x0000000789180000)
  to   space 45568K, 0% used [0x0000000789d00000,0x0000000789d00000,0x000000078c980000)
 ParOldGen       total 224256K, used 99606K [0x00000006c4600000, 0x00000006d2100000, 0x000000076c200000)
  object space 224256K, 44% used [0x00000006c4600000,0x00000006ca745998,0x00000006d2100000)
 Metaspace       used 107846K, capacity 114659K, committed 117208K, reserved 1150976K
  class space    used 13462K, capacity 14614K, committed 15104K, reserved 1048576K
}

