# JRE version: Java(TM) SE Runtime Environment (8.0_291-b10) (build 1.8.0_291-b10)
# Java VM: Java HotSpot(TM) 64-Bit Server VM (25.291-b10 mixed mode windows-amd64 compressed oops)
Heap:
 PSYoungGen      total 75264K, used 60352K [0x000000076c200000, 0x0000000773400000, 0x00000007c0000000)
  eden space 64512K, 81% used [0x000000076c200000,0x000000076f584258,0x0000000770100000)
  from space 10752K, 70% used [0x0000000770b80000,0x00000007712ebe48,0x0000000771600000)
  to   space 10752K, 0% used [0x0000000770100000,0x0000000770100000,0x0000000770b80000)
 ParOldGen       total 104960K, used 8412K [0x00000006c4600000, 0x00000006cac80000, 0x000000076c200000)
  object space 104960K, 8% used [0x00000006c4600000,0x00000006c4e37118,0x00000006cac80000)
 Metaspace       used 30443K, capacity 32078K, committed 32256K, reserved 1079296K
  class space    used 4310K, capacity 4563K, committed 4608K, reserved 1048576K
GC Heap History (10 events):
Event: 0.848 GC heap before
{Heap before GC invocations=1 (full 0):
 PSYoungGen      total 75264K, used 64512K [0x000000076c200000, 0x0000000771600000, 0x00000007c0000000)
  eden space 64512K, 100% used [0x000000076c200000,0x0000000770100000,0x0000000770100000)
  from space 10752K, 0% used [0x0000000770b80000,0x0000000770b80000,0x0000000771600000)
  to   space 10752K, 0% used [0x0000000770100000,0x0000000770100000,0x0000000770b80000)
 ParOldGen       total 172032K, used 0K [0x00000006c4600000, 0x00000006cee00000, 0x000000076c200000)
  object space 172032K, 0% used [0x00000006c4600000,0x00000006c4600000,0x00000006cee00000)
 Metaspace       used 7744K, capacity 7848K, committed 7936K, reserved 1056768K
  class space    used 917K, capacity 950K, committed 1024K, reserved 1048576K
Event: 0.852 GC heap after
Heap after GC invocations=1 (full 0):
 PSYoungGen      total 75264K, used 5985K [0x000000076c200000, 0x0000000771600000, 0x00000007c0000000)
  eden space 64512K, 0% used [0x000000076c200000,0x000000076c200000,0x0000000770100000)
  from space 10752K, 55% used [0x0000000770100000,0x00000007706d8420,0x0000000770b80000)
  to   space 10752K, 0% used [0x0000000770b80000,0x0000000770b80000,0x0000000771600000)
 ParOldGen       total 172032K, used 8K [0x00000006c4600000, 0x00000006cee00000, 0x000000076c200000)
  object space 172032K, 0% used [0x00000006c4600000,0x00000006c4602000,0x00000006cee00000)
 Metaspace       used 7744K, capacity 7848K, committed 7936K, reserved 1056768K
  class space    used 917K, capacity 950K, committed 1024K, reserved 1048576K
}
Event: 1.398 GC heap before
{Heap before GC invocations=2 (full 0):
 PSYoungGen      total 75264K, used 70497K [0x000000076c200000, 0x0000000771600000, 0x00000007c0000000)
  eden space 64512K, 100% used [0x000000076c200000,0x0000000770100000,0x0000000770100000)
  from space 10752K, 55% used [0x0000000770100000,0x00000007706d8420,0x0000000770b80000)
  to   space 10752K, 0% used [0x0000000770b80000,0x0000000770b80000,0x0000000771600000)
 ParOldGen       total 172032K, used 8K [0x00000006c4600000, 0x00000006cee00000, 0x000000076c200000)
  object space 172032K, 0% used [0x00000006c4600000,0x00000006c4602000,0x00000006cee00000)
 Metaspace       used 16906K, capacity 17630K, committed 17920K, reserved 1064960K
  class space    used 2112K, capacity 2267K, committed 2304K, reserved 1048576K
Event: 1.404 GC heap after
Heap after GC invocations=2 (full 0):
 PSYoungGen      total 75264K, used 10715K [0x000000076c200000, 0x0000000771600000, 0x00000007c0000000)
  eden space 64512K, 0% used [0x000000076c200000,0x000000076c200000,0x0000000770100000)
  from space 10752K, 99% used [0x0000000770b80000,0x00000007715f6f68,0x0000000771600000)
  to   space 10752K, 0% used [0x0000000770100000,0x0000000770100000,0x0000000770b80000)
 ParOldGen       total 172032K, used 16K [0x00000006c4600000, 0x00000006cee00000, 0x000000076c200000)
  object space 172032K, 0% used [0x00000006c4600000,0x00000006c4604000,0x00000006cee00000)
 Metaspace       used 16906K, capacity 17630K, committed 17920K, reserved 1064960K
  class space    used 2112K, capacity 2267K, committed 2304K, reserved 1048576K
}
Event: 1.697 GC heap before
{Heap before GC invocations=3 (full 0):
 PSYoungGen      total 75264K, used 37535K [0x000000076c200000, 0x0000000771600000, 0x00000007c0000000)
  eden space 64512K, 41% used [0x000000076c200000,0x000000076dc30ef8,0x0000000770100000)
  from space 10752K, 99% used [0x0000000770b80000,0x00000007715f6f68,0x0000000771600000)
  to   space 10752K, 0% used [0x0000000770100000,0x0000000770100000,0x0000000770b80000)
 ParOldGen       total 172032K, used 16K [0x00000006c4600000, 0x00000006cee00000, 0x000000076c200000)
  object space 172032K, 0% used [0x00000006c4600000,0x00000006c4604000,0x00000006cee00000)
 Metaspace       used 20392K, capacity 21212K, committed 21296K, reserved 1067008K
  class space    used 2719K, capacity 2908K, committed 2944K, reserved 1048576K
Event: 1.703 GC heap after
Heap after GC invocations=3 (full 0):
 PSYoungGen      total 75264K, used 8635K [0x000000076c200000, 0x0000000771600000, 0x00000007c0000000)
  eden space 64512K, 0% used [0x000000076c200000,0x000000076c200000,0x0000000770100000)
  from space 10752K, 80% used [0x0000000770100000,0x000000077096eda0,0x0000000770b80000)
  to   space 10752K, 0% used [0x0000000770b80000,0x0000000770b80000,0x0000000771600000)
 ParOldGen       total 172032K, used 24K [0x00000006c4600000, 0x00000006cee00000, 0x000000076c200000)
  object space 172032K, 0% used [0x00000006c4600000,0x00000006c4606000,0x00000006cee00000)
 Metaspace       used 20392K, capacity 21212K, committed 21296K, reserved 1067008K
  class space    used 2719K, capacity 2908K, committed 2944K, reserved 1048576K
}
Event: 1.703 GC heap before
{Heap before GC invocations=4 (full 1):
 PSYoungGen      total 75264K, used 8635K [0x000000076c200000, 0x0000000771600000, 0x00000007c0000000)
  eden space 64512K, 0% used [0x000000076c200000,0x000000076c200000,0x0000000770100000)
  from space 10752K, 80% used [0x0000000770100000,0x000000077096eda0,0x0000000770b80000)
  to   space 10752K, 0% used [0x0000000770b80000,0x0000000770b80000,0x0000000771600000)
 ParOldGen       total 172032K, used 24K [0x00000006c4600000, 0x00000006cee00000, 0x000000076c200000)
  object space 172032K, 0% used [0x00000006c4600000,0x00000006c4606000,0x00000006cee00000)
 Metaspace       used 20392K, capacity 21212K, committed 21296K, reserved 1067008K
  class space    used 2719K, capacity 2908K, committed 2944K, reserved 1048576K
Event: 1.721 GC heap after
Heap after GC invocations=4 (full 1):
 PSYoungGen      total 75264K, used 0K [0x000000076c200000, 0x0000000771600000, 0x00000007c0000000)
  eden space 64512K, 0% used [0x000000076c200000,0x000000076c200000,0x0000000770100000)
  from space 10752K, 0% used [0x0000000770100000,0x0000000770100000,0x0000000770b80000)
  to   space 10752K, 0% used [0x0000000770b80000,0x0000000770b80000,0x0000000771600000)
 ParOldGen       total 104960K, used 8404K [0x00000006c4600000, 0x00000006cac80000, 0x000000076c200000)
  object space 104960K, 8% used [0x00000006c4600000,0x00000006c4e35118,0x00000006cac80000)
 Metaspace       used 20392K, capacity 21212K, committed 21296K, reserved 1067008K
  class space    used 2719K, capacity 2908K, committed 2944K, reserved 1048576K
}
Event: 2.187 GC heap before
{Heap before GC invocations=5 (full 1):
 PSYoungGen      total 75264K, used 64512K [0x000000076c200000, 0x0000000771600000, 0x00000007c0000000)
  eden space 64512K, 100% used [0x000000076c200000,0x0000000770100000,0x0000000770100000)
  from space 10752K, 0% used [0x0000000770100000,0x0000000770100000,0x0000000770b80000)
  to   space 10752K, 0% used [0x0000000770b80000,0x0000000770b80000,0x0000000771600000)
 ParOldGen       total 104960K, used 8404K [0x00000006c4600000, 0x00000006cac80000, 0x000000076c200000)
  object space 104960K, 8% used [0x00000006c4600000,0x00000006c4e35118,0x00000006cac80000)
 Metaspace       used 27620K, capacity 29048K, committed 29312K, reserved 1075200K
  class space    used 3902K, capacity 4123K, committed 4224K, reserved 1048576K
Event: 2.190 GC heap after
Heap after GC invocations=5 (full 1):
 PSYoungGen      total 75264K, used 7599K [0x000000076c200000, 0x0000000773400000, 0x00000007c0000000)
  eden space 64512K, 0% used [0x000000076c200000,0x000000076c200000,0x0000000770100000)
  from space 10752K, 70% used [0x0000000770b80000,0x00000007712ebe48,0x0000000771600000)
  to   space 10752K, 0% used [0x0000000770100000,0x0000000770100000,0x0000000770b80000)
 ParOldGen       total 104960K, used 8412K [0x00000006c4600000, 0x00000006cac80000, 0x000000076c200000)
  object space 104960K, 8% used [0x00000006c4600000,0x00000006c4e37118,0x00000006cac80000)
 Metaspace       used 27620K, capacity 29048K, committed 29312K, reserved 1075200K
  class space    used 3902K, capacity 4123K, committed 4224K, reserved 1048576K
}

