# JRE version: Java(TM) SE Runtime Environment (8.0_291-b10) (build 1.8.0_291-b10)
# Java VM: Java HotSpot(TM) 64-Bit Server VM (25.291-b10 mixed mode windows-amd64 compressed oops)
Heap:
 PSYoungGen      total 416256K, used 389542K [0x000000076c200000, 0x0000000788e80000, 0x00000007c0000000)
  eden space 370688K, 92% used [0x000000076c200000,0x00000007811ebed8,0x0000000782c00000)
  from space 45568K, 99% used [0x0000000782c00000,0x000000078587db20,0x0000000785880000)
  to   space 43520K, 0% used [0x0000000785880000,0x0000000785880000,0x0000000788300000)
 ParOldGen       total 346112K, used 199066K [0x00000006c4600000, 0x00000006d9800000, 0x000000076c200000)
  object space 346112K, 57% used [0x00000006c4600000,0x00000006d0866a98,0x00000006d9800000)
 Metaspace       used 106255K, capacity 114315K, committed 114496K, reserved 1148928K
  class space    used 13720K, capacity 15075K, committed 15232K, reserved 1048576K
GC Heap History (10 events):
Event: 7.691 GC heap before
{Heap before GC invocations=15 (full 3):
 PSYoungGen      total 299520K, used 202814K [0x000000076c200000, 0x0000000788300000, 0x00000007c0000000)
  eden space 272896K, 64% used [0x000000076c200000,0x0000000776e169a8,0x000000077cc80000)
  from space 26624K, 99% used [0x000000077cc80000,0x000000077e679220,0x000000077e680000)
  to   space 43520K, 0% used [0x0000000785880000,0x0000000785880000,0x0000000788300000)
 ParOldGen       total 199168K, used 67730K [0x00000006c4600000, 0x00000006d0880000, 0x000000076c200000)
  object space 199168K, 34% used [0x00000006c4600000,0x00000006c88248f8,0x00000006d0880000)
 Metaspace       used 92591K, capacity 98465K, committed 98496K, reserved 1134592K
  class space    used 12035K, capacity 13056K, committed 13056K, reserved 1048576K
Event: 7.717 GC heap after
Heap after GC invocations=15 (full 3):
 PSYoungGen      total 414208K, used 29205K [0x000000076c200000, 0x0000000788e80000, 0x00000007c0000000)
  eden space 370688K, 0% used [0x000000076c200000,0x000000076c200000,0x0000000782c00000)
  from space 43520K, 67% used [0x0000000785880000,0x0000000787505710,0x0000000788300000)
  to   space 45568K, 0% used [0x0000000782c00000,0x0000000782c00000,0x0000000785880000)
 ParOldGen       total 199168K, used 92821K [0x00000006c4600000, 0x00000006d0880000, 0x000000076c200000)
  object space 199168K, 46% used [0x00000006c4600000,0x00000006ca0a5760,0x00000006d0880000)
 Metaspace       used 92591K, capacity 98465K, committed 98496K, reserved 1134592K
  class space    used 12035K, capacity 13056K, committed 13056K, reserved 1048576K
}
Event: 7.717 GC heap before
{Heap before GC invocations=16 (full 4):
 PSYoungGen      total 414208K, used 29205K [0x000000076c200000, 0x0000000788e80000, 0x00000007c0000000)
  eden space 370688K, 0% used [0x000000076c200000,0x000000076c200000,0x0000000782c00000)
  from space 43520K, 67% used [0x0000000785880000,0x0000000787505710,0x0000000788300000)
  to   space 45568K, 0% used [0x0000000782c00000,0x0000000782c00000,0x0000000785880000)
 ParOldGen       total 199168K, used 92821K [0x00000006c4600000, 0x00000006d0880000, 0x000000076c200000)
  object space 199168K, 46% used [0x00000006c4600000,0x00000006ca0a5760,0x00000006d0880000)
 Metaspace       used 92591K, capacity 98465K, committed 98496K, reserved 1134592K
  class space    used 12035K, capacity 13056K, committed 13056K, reserved 1048576K
Event: 7.821 GC heap after
Heap after GC invocations=16 (full 4):
 PSYoungGen      total 414208K, used 0K [0x000000076c200000, 0x0000000788e80000, 0x00000007c0000000)
  eden space 370688K, 0% used [0x000000076c200000,0x000000076c200000,0x0000000782c00000)
  from space 43520K, 0% used [0x0000000785880000,0x0000000785880000,0x0000000788300000)
  to   space 45568K, 0% used [0x0000000782c00000,0x0000000782c00000,0x0000000785880000)
 ParOldGen       total 346112K, used 95884K [0x00000006c4600000, 0x00000006d9800000, 0x000000076c200000)
  object space 346112K, 27% used [0x00000006c4600000,0x00000006ca3a33d0,0x00000006d9800000)
 Metaspace       used 91992K, capacity 97049K, committed 98496K, reserved 1134592K
  class space    used 11849K, capacity 12720K, committed 13056K, reserved 1048576K
}
Event: 9.095 GC heap before
{Heap before GC invocations=17 (full 4):
 PSYoungGen      total 414208K, used 370688K [0x000000076c200000, 0x0000000788e80000, 0x00000007c0000000)
  eden space 370688K, 100% used [0x000000076c200000,0x0000000782c00000,0x0000000782c00000)
  from space 43520K, 0% used [0x0000000785880000,0x0000000785880000,0x0000000788300000)
  to   space 45568K, 0% used [0x0000000782c00000,0x0000000782c00000,0x0000000785880000)
 ParOldGen       total 346112K, used 95900K [0x00000006c4600000, 0x00000006d9800000, 0x000000076c200000)
  object space 346112K, 27% used [0x00000006c4600000,0x00000006ca3a7248,0x00000006d9800000)
 Metaspace       used 101264K, capacity 108081K, committed 108224K, reserved 1142784K
  class space    used 13115K, capacity 14230K, committed 14336K, reserved 1048576K
Event: 9.115 GC heap after
Heap after GC invocations=17 (full 4):
 PSYoungGen      total 416256K, used 32498K [0x000000076c200000, 0x0000000788e80000, 0x00000007c0000000)
  eden space 370688K, 0% used [0x000000076c200000,0x000000076c200000,0x0000000782c00000)
  from space 45568K, 71% used [0x0000000782c00000,0x0000000784bbc8c0,0x0000000785880000)
  to   space 43520K, 0% used [0x0000000785880000,0x0000000785880000,0x0000000788300000)
 ParOldGen       total 346112K, used 95908K [0x00000006c4600000, 0x00000006d9800000, 0x000000076c200000)
  object space 346112K, 27% used [0x00000006c4600000,0x00000006ca3a9248,0x00000006d9800000)
 Metaspace       used 101264K, capacity 108081K, committed 108224K, reserved 1142784K
  class space    used 13115K, capacity 14230K, committed 14336K, reserved 1048576K
}
Event: 10.427 GC heap before
{Heap before GC invocations=18 (full 4):
 PSYoungGen      total 416256K, used 403186K [0x000000076c200000, 0x0000000788e80000, 0x00000007c0000000)
  eden space 370688K, 100% used [0x000000076c200000,0x0000000782c00000,0x0000000782c00000)
  from space 45568K, 71% used [0x0000000782c00000,0x0000000784bbc8c0,0x0000000785880000)
  to   space 43520K, 0% used [0x0000000785880000,0x0000000785880000,0x0000000788300000)
 ParOldGen       total 346112K, used 95908K [0x00000006c4600000, 0x00000006d9800000, 0x000000076c200000)
  object space 346112K, 27% used [0x00000006c4600000,0x00000006ca3a9248,0x00000006d9800000)
 Metaspace       used 104264K, capacity 111483K, committed 111808K, reserved 1146880K
  class space    used 13513K, capacity 14701K, committed 14848K, reserved 1048576K
Event: 10.478 GC heap after
Heap after GC invocations=18 (full 4):
 PSYoungGen      total 414208K, used 43513K [0x000000076c200000, 0x0000000788e80000, 0x00000007c0000000)
  eden space 370688K, 0% used [0x000000076c200000,0x000000076c200000,0x0000000782c00000)
  from space 43520K, 99% used [0x0000000785880000,0x00000007882fe440,0x0000000788300000)
  to   space 45568K, 0% used [0x0000000782c00000,0x0000000782c00000,0x0000000785880000)
 ParOldGen       total 346112K, used 154009K [0x00000006c4600000, 0x00000006d9800000, 0x000000076c200000)
  object space 346112K, 44% used [0x00000006c4600000,0x00000006cdc66730,0x00000006d9800000)
 Metaspace       used 104264K, capacity 111483K, committed 111808K, reserved 1146880K
  class space    used 13513K, capacity 14701K, committed 14848K, reserved 1048576K
}
Event: 12.289 GC heap before
{Heap before GC invocations=19 (full 4):
 PSYoungGen      total 414208K, used 414201K [0x000000076c200000, 0x0000000788e80000, 0x00000007c0000000)
  eden space 370688K, 100% used [0x000000076c200000,0x0000000782c00000,0x0000000782c00000)
  from space 43520K, 99% used [0x0000000785880000,0x00000007882fe440,0x0000000788300000)
  to   space 45568K, 0% used [0x0000000782c00000,0x0000000782c00000,0x0000000785880000)
 ParOldGen       total 346112K, used 154022K [0x00000006c4600000, 0x00000006d9800000, 0x000000076c200000)
  object space 346112K, 44% used [0x00000006c4600000,0x00000006cdc69b20,0x00000006d9800000)
 Metaspace       used 105667K, capacity 113453K, committed 113856K, reserved 1148928K
  class space    used 13649K, capacity 14942K, committed 15104K, reserved 1048576K
Event: 12.327 GC heap after
Heap after GC invocations=19 (full 4):
 PSYoungGen      total 416256K, used 45558K [0x000000076c200000, 0x0000000788e80000, 0x00000007c0000000)
  eden space 370688K, 0% used [0x000000076c200000,0x000000076c200000,0x0000000782c00000)
  from space 45568K, 99% used [0x0000000782c00000,0x000000078587db20,0x0000000785880000)
  to   space 43520K, 0% used [0x0000000785880000,0x0000000785880000,0x0000000788300000)
 ParOldGen       total 346112K, used 199066K [0x00000006c4600000, 0x00000006d9800000, 0x000000076c200000)
  object space 346112K, 57% used [0x00000006c4600000,0x00000006d0866a98,0x00000006d9800000)
 Metaspace       used 105667K, capacity 113453K, committed 113856K, reserved 1148928K
  class space    used 13649K, capacity 14942K, committed 15104K, reserved 1048576K
}

